<?xml version="1.0" encoding="UTF-8"?>
<testsuite name="shopping_project.LibraryTest" tests="1" skipped="0" failures="0" errors="0" timestamp="2020-11-19T12:54:35" hostname="DESKTOP-DKQES9C" time="0.001">
  <properties/>
  <testcase name="testSomeLibraryMethod" classname="shopping_project.LibraryTest" time="0.001"/>
  <system-out><![CDATA[]]></system-out>
  <system-err><![CDATA[]]></system-err>
</testsuite>
